new,InitialChunk,0x16e1da000000,33554432
new,CodeRange,0x3ce742d5c000,536870912
new,MemoryChunk,0x56f22b00000,147712
new,MemoryChunk,0x2e4cc4000000,213248
new,MemoryChunk,0x357a41500000,540928
new,MemoryChunk,0x3ce742e00000,1048576
heap-capacity,2920448
heap-available,981640
markcompact,begin,0,7340,1427964513048
markcompact,end,0,7564,1427964513048
markcompact,begin,0,7591,1427964513048
markcompact,end,0,7684,1427964513048
new,MemoryChunk,0xb6835800000,147712
check-maps-depth,2
check-maps-depth,1
check-maps-depth,1
check-maps-depth,1
check-maps-depth,1
check-maps-depth,1
check-maps-depth,1
check-maps-depth,1
check-maps-depth,3
check-maps-depth,3
check-maps-depth,1
check-maps-depth,1
check-maps-depth,1
check-maps-depth,1
check-maps-depth,1
check-maps-depth,1
check-maps-depth,1
check-maps-depth,1
check-maps-depth,1
check-maps-depth,1
check-maps-depth,1
check-maps-depth,1
check-maps-depth,2
check-maps-depth,1
check-maps-depth,2
check-maps-depth,3
check-maps-depth,3
check-maps-depth,3
check-maps-depth,3
check-maps-depth,2
check-maps-depth,1
check-maps-depth,2
check-maps-depth,1
check-maps-depth,1
check-maps-depth,1
check-maps-depth,1
check-maps-depth,1
check-maps-depth,1
check-maps-depth,1
check-maps-depth,1
check-maps-depth,4
check-maps-depth,1
check-maps-depth,1
check-maps-depth,1
check-maps-depth,1
check-maps-depth,1
check-maps-depth,2
check-maps-depth,1
check-maps-depth,1
check-maps-depth,1
check-maps-depth,2
check-maps-depth,2
check-maps-depth,2
check-maps-depth,2
check-maps-depth,2
check-maps-depth,2
check-maps-depth,2
check-maps-depth,2
check-maps-depth,2
check-maps-depth,2
check-maps-depth,2
check-maps-depth,2
check-maps-depth,1
check-maps-depth,2
check-maps-depth,1
check-maps-depth,1
check-maps-depth,2
check-maps-depth,1
check-maps-depth,2
check-maps-depth,1
check-maps-depth,1
check-maps-depth,1
check-maps-depth,1
check-maps-depth,1
check-maps-depth,2
check-maps-depth,1
check-maps-depth,2
check-maps-depth,1
check-maps-depth,1
check-maps-depth,2
check-maps-depth,2
check-maps-depth,1
check-maps-depth,2
check-maps-depth,1
check-maps-depth,2
check-maps-depth,1
check-maps-depth,2
check-maps-depth,1
check-maps-depth,1
check-maps-depth,1
check-maps-depth,1
check-maps-depth,1
check-maps-depth,1
check-maps-depth,1
check-maps-depth,2
check-maps-depth,2
check-maps-depth,2
check-maps-depth,1
check-maps-depth,2
check-maps-depth,1
check-maps-depth,1
check-maps-depth,1
check-maps-depth,1
check-maps-depth,1
check-maps-depth,1
check-maps-depth,1
check-maps-depth,1
check-maps-depth,1
check-maps-depth,1
check-maps-depth,1
check-maps-depth,2
check-maps-depth,2
check-maps-depth,1
check-maps-depth,3
check-maps-depth,1
check-maps-depth,1
check-maps-depth,1
check-maps-depth,1
check-maps-depth,4
new,MemoryChunk,0xadfe8500000,1048576
check-maps-depth,1
check-maps-depth,1
check-maps-depth,1
check-maps-depth,1
check-maps-depth,1
check-maps-depth,2
check-maps-depth,1
check-maps-depth,1
check-maps-depth,1
check-maps-depth,2
check-maps-depth,1
check-maps-depth,1
check-maps-depth,1
check-maps-depth,1
check-maps-depth,4
check-maps-depth,1
check-maps-depth,1
check-maps-depth,1
check-maps-depth,1
check-maps-depth,1
check-maps-depth,1
check-maps-depth,1
check-maps-depth,2
check-maps-depth,1
check-maps-depth,1
check-maps-depth,2
check-maps-depth,2
check-maps-depth,1
check-maps-depth,2
check-maps-depth,1
check-maps-depth,3
check-maps-depth,1
check-maps-depth,1
check-maps-depth,1
new,MemoryChunk,0x46a23200000,1048576
check-maps-depth,1
check-maps-depth,2
check-maps-depth,1
check-maps-depth,1
check-maps-depth,1
check-maps-depth,1
check-maps-depth,1
check-maps-depth,1
check-maps-depth,2
check-maps-depth,1
check-maps-depth,2
check-maps-depth,1
check-maps-depth,1
check-maps-depth,1
check-maps-depth,2
check-maps-depth,2
new,MemoryChunk,0x72f14f00000,1048576
check-maps-depth,1
check-maps-depth,2
check-maps-depth,2
check-maps-depth,2
check-maps-depth,2
check-maps-depth,1
check-maps-depth,1
check-maps-depth,1
check-maps-depth,3
check-maps-depth,1
check-maps-depth,1
check-maps-depth,3
check-maps-depth,3
check-maps-depth,1
check-maps-depth,1
check-maps-depth,1
check-maps-depth,1
scavenge,begin,0,41782,1427964513090
scavenge,end,0,42451,1427964513091
check-maps-depth,1
check-maps-depth,1
check-maps-depth,2
check-maps-depth,1
check-maps-depth,1
check-maps-depth,1
check-maps-depth,1
check-maps-depth,1
check-maps-depth,2
check-maps-depth,1
check-maps-depth,1
check-maps-depth,1
check-maps-depth,1
check-maps-depth,1
check-maps-depth,1
check-maps-depth,1
check-maps-depth,1
check-maps-depth,1
check-maps-depth,1
check-maps-depth,1
check-maps-depth,1
check-maps-depth,1
check-maps-depth,1
check-maps-depth,1
check-maps-depth,1
check-maps-depth,1
check-maps-depth,1
check-maps-depth,1
check-maps-depth,1
check-maps-depth,2
check-maps-depth,1
check-maps-depth,1
check-maps-depth,1
check-maps-depth,1
check-maps-depth,1
check-maps-depth,1
check-maps-depth,1
check-maps-depth,1
check-maps-depth,1
check-maps-depth,1
check-maps-depth,2
check-maps-depth,1
check-maps-depth,1
check-maps-depth,1
check-maps-depth,1
check-maps-depth,2
check-maps-depth,1
check-maps-depth,1
check-maps-depth,1
check-maps-depth,1
check-maps-depth,3
check-maps-depth,3
check-maps-depth,3
check-maps-depth,3
check-maps-depth,3
check-maps-depth,3
check-maps-depth,2
check-maps-depth,1
check-maps-depth,1
check-maps-depth,1
check-maps-depth,1
check-maps-depth,1
check-maps-depth,1
check-maps-depth,3
check-maps-depth,1
scavenge,begin,0,46100,1427964513096
scavenge,end,0,46403,1427964513096
markcompact,begin,0,46610,1427964513096
markcompact,end,0,48420,1427964513098
markcompact,begin,0,48431,1427964513098
new,MemoryChunk,0x111160100000,1048576
delete,MemoryChunk,0xadfe8500000
markcompact,end,0,50002,1427964513100
markcompact,begin,0,50009,1427964513100
markcompact,end,0,51208,1427964513101
markcompact,begin,0,51214,1427964513101
new,MemoryChunk,0x3dcc3000000,1048576
delete,MemoryChunk,0x111160100000
markcompact,end,0,53459,1427964513104
markcompact,begin,0,53470,1427964513104
markcompact,end,0,54912,1427964513105
markcompact,begin,0,54923,1427964513105
new,MemoryChunk,0x331abb700000,1048576
delete,MemoryChunk,0x3dcc3000000
markcompact,end,0,56447,1427964513107
markcompact,begin,0,56462,1427964513107
markcompact,end,0,57999,1427964513109
check-maps-depth,2
check-maps-depth,1
check-maps-depth,1
check-maps-depth,1
check-maps-depth,1
check-maps-depth,1
check-maps-depth,1
check-maps-depth,1
check-maps-depth,1
check-maps-depth,1
check-maps-depth,1
scavenge,begin,0,65610,1427964513117
new,MemoryChunk,0x349ceb400000,1048576
scavenge,end,0,65890,1427964513118
check-maps-depth,1
check-maps-depth,4
check-maps-depth,1
check-maps-depth,2
check-maps-depth,1
check-maps-depth,1
check-maps-depth,1
check-maps-depth,1
check-maps-depth,1
check-maps-depth,1
check-maps-depth,1
check-maps-depth,1
check-maps-depth,2
check-maps-depth,1
check-maps-depth,2
check-maps-depth,1
check-maps-depth,3
check-maps-depth,1
check-maps-depth,2
scavenge,begin,0,73003,1427964513125
new,MemoryChunk,0x2ab0c8400000,1048576
scavenge,end,0,73327,1427964513126
check-maps-depth,1
check-maps-depth,1
check-maps-depth,1
check-maps-depth,1
check-maps-depth,1
check-maps-depth,1
check-maps-depth,2
check-maps-depth,1
check-maps-depth,1
check-maps-depth,1
check-maps-depth,1
check-maps-depth,2
check-maps-depth,2
check-maps-depth,1
check-maps-depth,1
check-maps-depth,1
check-maps-depth,3
check-maps-depth,2
scavenge,begin,0,75680,1427964513129
new,MemoryChunk,0x8d49e100000,1048576
scavenge,end,0,76055,1427964513129
check-maps-depth,2
new,MemoryChunk,0x3ce742f00000,1048576
check-maps-depth,1
check-maps-depth,1
check-maps-depth,1
check-maps-depth,1
check-maps-depth,2
check-maps-depth,1
check-maps-depth,1
check-maps-depth,1
check-maps-depth,2
check-maps-depth,1
check-maps-depth,2
check-maps-depth,1
check-maps-depth,1
check-maps-depth,1
check-maps-depth,1
check-maps-depth,1
check-maps-depth,2
check-maps-depth,2
check-maps-depth,1
check-maps-depth,3
check-maps-depth,1
check-maps-depth,1
check-maps-depth,1
check-maps-depth,1
check-maps-depth,1
check-maps-depth,1
check-maps-depth,1
check-maps-depth,1
check-maps-depth,2
check-maps-depth,2
check-maps-depth,1
check-maps-depth,1
check-maps-depth,1
check-maps-depth,1
check-maps-depth,1
check-maps-depth,1
check-maps-depth,1
check-maps-depth,3
check-maps-depth,3
check-maps-depth,3
check-maps-depth,2
check-maps-depth,2
check-maps-depth,1
check-maps-depth,2
check-maps-depth,1
check-maps-depth,1
check-maps-depth,2
check-maps-depth,3
check-maps-depth,3
check-maps-depth,3
check-maps-depth,3
check-maps-depth,3
check-maps-depth,3
check-maps-depth,2
check-maps-depth,1
check-maps-depth,2
check-maps-depth,2
check-maps-depth,1
check-maps-depth,1
check-maps-depth,1
check-maps-depth,1
check-maps-depth,1
check-maps-depth,1
check-maps-depth,1
check-maps-depth,1
check-maps-depth,1
check-maps-depth,1
check-maps-depth,1
check-maps-depth,1
check-maps-depth,1
check-maps-depth,1
check-maps-depth,2
check-maps-depth,1
check-maps-depth,3
check-maps-depth,1
check-maps-depth,1
check-maps-depth,1
check-maps-depth,1
check-maps-depth,1
check-maps-depth,2
check-maps-depth,2
check-maps-depth,1
check-maps-depth,1
check-maps-depth,1
check-maps-depth,1
check-maps-depth,1
check-maps-depth,2
check-maps-depth,1
check-maps-depth,1
check-maps-depth,1
check-maps-depth,1
check-maps-depth,1
check-maps-depth,1
check-maps-depth,4
check-maps-depth,1
check-maps-depth,1
check-maps-depth,1
check-maps-depth,3
check-maps-depth,3
check-maps-depth,3
check-maps-depth,3
check-maps-depth,3
check-maps-depth,1
check-maps-depth,1
check-maps-depth,1
check-maps-depth,2
check-maps-depth,1
check-maps-depth,1
check-maps-depth,1
check-maps-depth,2
check-maps-depth,2
check-maps-depth,1
check-maps-depth,2
check-maps-depth,1
check-maps-depth,2
check-maps-depth,1
check-maps-depth,3
check-maps-depth,1
check-maps-depth,1
check-maps-depth,1
check-maps-depth,1
check-maps-depth,1
check-maps-depth,1
check-maps-depth,2
check-maps-depth,2
check-maps-depth,2
check-maps-depth,1
check-maps-depth,1
check-maps-depth,1
check-maps-depth,1
check-maps-depth,1
check-maps-depth,1
check-maps-depth,2
check-maps-depth,1
check-maps-depth,1
check-maps-depth,1
check-maps-depth,1
check-maps-depth,2
check-maps-depth,1
check-maps-depth,1
check-maps-depth,4
check-maps-depth,4
check-maps-depth,1
check-maps-depth,2
check-maps-depth,4
check-maps-depth,1
check-maps-depth,1
check-maps-depth,2
check-maps-depth,1
check-maps-depth,1
check-maps-depth,1
check-maps-depth,1
check-maps-depth,1
check-maps-depth,1
check-maps-depth,1
check-maps-depth,1
check-maps-depth,1
check-maps-depth,1
check-maps-depth,1
check-maps-depth,2
check-maps-depth,2
check-maps-depth,1
check-maps-depth,1
check-maps-depth,1
scavenge,begin,0,99455,1427964513156
new,MemoryChunk,0x26a1e1100000,1048576
scavenge,end,0,100264,1427964513156
check-maps-depth,1
check-maps-depth,1
check-maps-depth,1
check-maps-depth,3
check-maps-depth,1
check-maps-depth,1
check-maps-depth,1
check-maps-depth,1
check-maps-depth,2
check-maps-depth,2
check-maps-depth,1
check-maps-depth,2
check-maps-depth,1
check-maps-depth,2
check-maps-depth,1
check-maps-depth,2
check-maps-depth,1
check-maps-depth,2
check-maps-depth,3
check-maps-depth,2
check-maps-depth,3
check-maps-depth,3
check-maps-depth,1
check-maps-depth,1
check-maps-depth,3
check-maps-depth,3
check-maps-depth,1
check-maps-depth,3
check-maps-depth,1
check-maps-depth,3
check-maps-depth,1
check-maps-depth,1
check-maps-depth,1
check-maps-depth,1
check-maps-depth,3
check-maps-depth,3
check-maps-depth,3
scavenge,begin,0,112168,1427964513170
scavenge,end,0,112903,1427964513171
check-maps-depth,1
check-maps-depth,1
check-maps-depth,1
check-maps-depth,1
check-maps-depth,2
check-maps-depth,2
check-maps-depth,1
check-maps-depth,2
check-maps-depth,2
check-maps-depth,1
check-maps-depth,1
check-maps-depth,1
check-maps-depth,1
check-maps-depth,1
check-maps-depth,1
check-maps-depth,1
check-maps-depth,1
check-maps-depth,3
check-maps-depth,3
check-maps-depth,1
scavenge,begin,0,128785,1427964513188
scavenge,end,0,129662,1427964513189
check-maps-depth,1
check-maps-depth,2
check-maps-depth,1
check-maps-depth,1
check-maps-depth,2
check-maps-depth,2
check-maps-depth,1
check-maps-depth,1
check-maps-depth,2
check-maps-depth,1
check-maps-depth,1
check-maps-depth,2
check-maps-depth,1
check-maps-depth,1
check-maps-depth,1
check-maps-depth,1
check-maps-depth,1
check-maps-depth,2
markcompact,begin,0,149668,1427964513212
new,MemoryChunk,0x19bc5f000000,1048576
markcompact,end,0,155682,1427964513218
check-maps-depth,2
check-maps-depth,2
check-maps-depth,2
check-maps-depth,2
check-maps-depth,1
check-maps-depth,1
check-maps-depth,2
check-maps-depth,1
check-maps-depth,1
check-maps-depth,2
check-maps-depth,1
check-maps-depth,1
check-maps-depth,1
check-maps-depth,1
check-maps-depth,1
check-maps-depth,1
check-maps-depth,1
check-maps-depth,1
check-maps-depth,1
check-maps-depth,1
check-maps-depth,1
check-maps-depth,1
check-maps-depth,1
check-maps-depth,1
check-maps-depth,1
check-maps-depth,1
check-maps-depth,1
check-maps-depth,1
check-maps-depth,1
check-maps-depth,1
check-maps-depth,2
check-maps-depth,1
check-maps-depth,1
check-maps-depth,1
check-maps-depth,2
check-maps-depth,1
check-maps-depth,1
check-maps-depth,1
check-maps-depth,1
check-maps-depth,1
check-maps-depth,3
check-maps-depth,1
check-maps-depth,1
check-maps-depth,1
check-maps-depth,1
check-maps-depth,1
check-maps-depth,1
check-maps-depth,1
check-maps-depth,1
check-maps-depth,2
check-maps-depth,2
check-maps-depth,2
check-maps-depth,2
check-maps-depth,1
check-maps-depth,1
check-maps-depth,1
check-maps-depth,1
check-maps-depth,2
check-maps-depth,1
check-maps-depth,1
check-maps-depth,1
check-maps-depth,2
check-maps-depth,1
check-maps-depth,1
check-maps-depth,1
check-maps-depth,1
check-maps-depth,1
check-maps-depth,1
check-maps-depth,1
check-maps-depth,3
check-maps-depth,3
scavenge,begin,0,186233,1427964513252
scavenge,end,0,187528,1427964513254
new,MemoryChunk,0x3ce743000000,1048576
check-maps-depth,1
check-maps-depth,2
check-maps-depth,1
check-maps-depth,1
check-maps-depth,1
check-maps-depth,3
check-maps-depth,3
check-maps-depth,2
check-maps-depth,2
check-maps-depth,1
check-maps-depth,1
check-maps-depth,2
check-maps-depth,1
check-maps-depth,1
check-maps-depth,2
new,MemoryChunk,0x3d29d4800000,1048576
check-maps-depth,1
check-maps-depth,1
check-maps-depth,2
check-maps-depth,1
check-maps-depth,2
check-maps-depth,1
check-maps-depth,1
check-maps-depth,2
check-maps-depth,2
check-maps-depth,2
check-maps-depth,2
check-maps-depth,2
check-maps-depth,1
check-maps-depth,1
check-maps-depth,1
check-maps-depth,1
check-maps-depth,1
check-maps-depth,1
check-maps-depth,2
check-maps-depth,2
scavenge,begin,0,214366,1427964513283
scavenge,end,0,215850,1427964513285
check-maps-depth,1
check-maps-depth,1
check-maps-depth,2
check-maps-depth,1
check-maps-depth,1
check-maps-depth,1
check-maps-depth,2
check-maps-depth,2
check-maps-depth,2
check-maps-depth,1
check-maps-depth,2
check-maps-depth,2
check-maps-depth,1
check-maps-depth,2
check-maps-depth,2
check-maps-depth,2
check-maps-depth,1
check-maps-depth,1
check-maps-depth,3
check-maps-depth,2
check-maps-depth,1
check-maps-depth,1
check-maps-depth,1
check-maps-depth,1
check-maps-depth,1
check-maps-depth,2
check-maps-depth,2
check-maps-depth,2
check-maps-depth,2
check-maps-depth,1
check-maps-depth,3
check-maps-depth,3
check-maps-depth,3
check-maps-depth,3
check-maps-depth,1
check-maps-depth,1
check-maps-depth,1
check-maps-depth,1
check-maps-depth,1
check-maps-depth,1
check-maps-depth,2
check-maps-depth,2
check-maps-depth,2
check-maps-depth,2
check-maps-depth,2
check-maps-depth,2
check-maps-depth,2
check-maps-depth,2
check-maps-depth,2
check-maps-depth,2
check-maps-depth,2
check-maps-depth,2
check-maps-depth,2
check-maps-depth,2
check-maps-depth,2
check-maps-depth,2
check-maps-depth,2
check-maps-depth,2
check-maps-depth,2
check-maps-depth,2
check-maps-depth,1
check-maps-depth,1
check-maps-depth,2
check-maps-depth,2
check-maps-depth,2
check-maps-depth,1
check-maps-depth,1
check-maps-depth,2
check-maps-depth,2
check-maps-depth,2
check-maps-depth,2
check-maps-depth,1
check-maps-depth,2
check-maps-depth,2
check-maps-depth,3
check-maps-depth,2
check-maps-depth,3
check-maps-depth,1
check-maps-depth,2
check-maps-depth,3
check-maps-depth,1
check-maps-depth,3
check-maps-depth,1
check-maps-depth,1
check-maps-depth,1
check-maps-depth,1
scavenge,begin,0,251808,1427964513323
new,MemoryChunk,0x357ab300000,1048576
scavenge,end,0,253375,1427964513325
check-maps-depth,1
check-maps-depth,2
check-maps-depth,2
check-maps-depth,2
check-maps-depth,1
check-maps-depth,1
check-maps-depth,3
check-maps-depth,3
check-maps-depth,1
check-maps-depth,2
check-maps-depth,2
check-maps-depth,3
check-maps-depth,1
check-maps-depth,1
check-maps-depth,3
check-maps-depth,3
check-maps-depth,1
check-maps-depth,3
check-maps-depth,1
check-maps-depth,1
check-maps-depth,3
check-maps-depth,1
check-maps-depth,3
check-maps-depth,3
check-maps-depth,1
check-maps-depth,1
check-maps-depth,2
check-maps-depth,1
check-maps-depth,2
check-maps-depth,1
check-maps-depth,1
check-maps-depth,1
check-maps-depth,2
check-maps-depth,3
check-maps-depth,3
check-maps-depth,3
check-maps-depth,1
check-maps-depth,3
check-maps-depth,3
check-maps-depth,1
check-maps-depth,2
check-maps-depth,2
check-maps-depth,2
check-maps-depth,1
check-maps-depth,2
check-maps-depth,2
check-maps-depth,3
check-maps-depth,2
check-maps-depth,1
check-maps-depth,3
check-maps-depth,1
check-maps-depth,1
check-maps-depth,3
check-maps-depth,1
check-maps-depth,3
check-maps-depth,3
check-maps-depth,1
check-maps-depth,3
check-maps-depth,3
check-maps-depth,3
check-maps-depth,3
check-maps-depth,3
check-maps-depth,1
check-maps-depth,3
check-maps-depth,1
check-maps-depth,1
check-maps-depth,3
check-maps-depth,2
check-maps-depth,2
check-maps-depth,1
check-maps-depth,3
check-maps-depth,1
check-maps-depth,3
check-maps-depth,3
check-maps-depth,1
check-maps-depth,2
check-maps-depth,2
check-maps-depth,1
check-maps-depth,1
check-maps-depth,1
check-maps-depth,3
check-maps-depth,3
check-maps-depth,3
check-maps-depth,1
check-maps-depth,2
check-maps-depth,1
check-maps-depth,1
check-maps-depth,3
check-maps-depth,3
check-maps-depth,1
check-maps-depth,1
check-maps-depth,1
check-maps-depth,1
check-maps-depth,3
check-maps-depth,3
check-maps-depth,1
check-maps-depth,3
check-maps-depth,1
check-maps-depth,2
check-maps-depth,2
check-maps-depth,1
check-maps-depth,1
check-maps-depth,3
check-maps-depth,3
check-maps-depth,3
check-maps-depth,1
check-maps-depth,1
check-maps-depth,3
check-maps-depth,1
check-maps-depth,3
check-maps-depth,3
check-maps-depth,3
check-maps-depth,3
check-maps-depth,3
check-maps-depth,2
check-maps-depth,2
check-maps-depth,2
check-maps-depth,1
check-maps-depth,2
check-maps-depth,1
check-maps-depth,1
check-maps-depth,2
check-maps-depth,1
check-maps-depth,1
check-maps-depth,3
check-maps-depth,3
check-maps-depth,1
check-maps-depth,2
check-maps-depth,1
check-maps-depth,1
check-maps-depth,3
check-maps-depth,1
check-maps-depth,2
check-maps-depth,2
check-maps-depth,2
check-maps-depth,2
check-maps-depth,2
check-maps-depth,2
check-maps-depth,2
check-maps-depth,2
check-maps-depth,2
check-maps-depth,2
check-maps-depth,2
check-maps-depth,2
check-maps-depth,2
check-maps-depth,2
check-maps-depth,2
check-maps-depth,2
check-maps-depth,2
check-maps-depth,2
check-maps-depth,2
check-maps-depth,2
check-maps-depth,2
check-maps-depth,2
check-maps-depth,2
check-maps-depth,2
check-maps-depth,2
check-maps-depth,2
check-maps-depth,2
check-maps-depth,2
check-maps-depth,2
check-maps-depth,2
check-maps-depth,2
check-maps-depth,2
check-maps-depth,2
check-maps-depth,2
check-maps-depth,2
check-maps-depth,2
check-maps-depth,2
check-maps-depth,2
check-maps-depth,2
check-maps-depth,2
check-maps-depth,2
check-maps-depth,2
check-maps-depth,2
check-maps-depth,2
check-maps-depth,2
check-maps-depth,2
check-maps-depth,2
check-maps-depth,2
check-maps-depth,2
check-maps-depth,2
check-maps-depth,2
check-maps-depth,2
check-maps-depth,2
check-maps-depth,2
check-maps-depth,2
check-maps-depth,2
check-maps-depth,2
check-maps-depth,2
check-maps-depth,2
check-maps-depth,2
check-maps-depth,2
check-maps-depth,2
check-maps-depth,2
check-maps-depth,2
check-maps-depth,2
check-maps-depth,2
check-maps-depth,2
check-maps-depth,2
check-maps-depth,2
check-maps-depth,1
check-maps-depth,2
check-maps-depth,1
check-maps-depth,1
check-maps-depth,1
markcompact,begin,0,277273,1427964513351
delete,MemoryChunk,0x26a1e1100000
markcompact,end,0,280358,1427964513355
check-maps-depth,1
check-maps-depth,1
check-maps-depth,1
check-maps-depth,1
check-maps-depth,1
check-maps-depth,3
check-maps-depth,3
check-maps-depth,3
check-maps-depth,2
check-maps-depth,1
check-maps-depth,2
check-maps-depth,1
check-maps-depth,1
check-maps-depth,1
check-maps-depth,1
check-maps-depth,2
check-maps-depth,2
check-maps-depth,2
check-maps-depth,2
check-maps-depth,2
check-maps-depth,1
check-maps-depth,1
check-maps-depth,1
check-maps-depth,1
check-maps-depth,1
check-maps-depth,1
check-maps-depth,2
check-maps-depth,1
check-maps-depth,1
check-maps-depth,2
check-maps-depth,1
check-maps-depth,1
check-maps-depth,1
check-maps-depth,2
check-maps-depth,2
check-maps-depth,2
check-maps-depth,2
check-maps-depth,2
check-maps-depth,2
check-maps-depth,2
check-maps-depth,2
check-maps-depth,2
check-maps-depth,2
check-maps-depth,2
check-maps-depth,2
check-maps-depth,2
check-maps-depth,2
check-maps-depth,1
check-maps-depth,2
check-maps-depth,1
check-maps-depth,1
check-maps-depth,1
check-maps-depth,1
check-maps-depth,2
check-maps-depth,1
check-maps-depth,1
check-maps-depth,1
check-maps-depth,1
check-maps-depth,1
check-maps-depth,3
check-maps-depth,2
check-maps-depth,2
check-maps-depth,1
check-maps-depth,3
check-maps-depth,3
check-maps-depth,1
check-maps-depth,1
check-maps-depth,1
check-maps-depth,1
check-maps-depth,1
check-maps-depth,1
check-maps-depth,1
check-maps-depth,1
check-maps-depth,1
check-maps-depth,2
check-maps-depth,3
check-maps-depth,3
check-maps-depth,1
check-maps-depth,1
check-maps-depth,1
check-maps-depth,1
check-maps-depth,3
check-maps-depth,3
check-maps-depth,3
check-maps-depth,1
check-maps-depth,1
check-maps-depth,2
check-maps-depth,3
check-maps-depth,1
check-maps-depth,3
check-maps-depth,2
check-maps-depth,1
check-maps-depth,1
check-maps-depth,1
check-maps-depth,2
check-maps-depth,1
check-maps-depth,1
check-maps-depth,2
check-maps-depth,2
check-maps-depth,1
check-maps-depth,2
check-maps-depth,2
check-maps-depth,1
check-maps-depth,1
check-maps-depth,1
check-maps-depth,1
check-maps-depth,1
check-maps-depth,1
check-maps-depth,1
check-maps-depth,1
check-maps-depth,1
check-maps-depth,1
check-maps-depth,1
check-maps-depth,1
check-maps-depth,1
check-maps-depth,1
check-maps-depth,1
check-maps-depth,1
check-maps-depth,1
check-maps-depth,1
check-maps-depth,2
check-maps-depth,1
check-maps-depth,1
check-maps-depth,2
check-maps-depth,2
check-maps-depth,2
check-maps-depth,1
check-maps-depth,2
check-maps-depth,2
check-maps-depth,2
check-maps-depth,2
check-maps-depth,1
check-maps-depth,2
check-maps-depth,2
check-maps-depth,2
check-maps-depth,1
check-maps-depth,2
check-maps-depth,2
check-maps-depth,2
check-maps-depth,1
check-maps-depth,1
check-maps-depth,1
check-maps-depth,1
check-maps-depth,1
check-maps-depth,2
check-maps-depth,2
check-maps-depth,2
check-maps-depth,2
check-maps-depth,2
check-maps-depth,2
check-maps-depth,2
check-maps-depth,2
check-maps-depth,3
check-maps-depth,2
check-maps-depth,1
check-maps-depth,1
check-maps-depth,3
check-maps-depth,1
check-maps-depth,1
check-maps-depth,1
check-maps-depth,1
check-maps-depth,2
check-maps-depth,2
check-maps-depth,1
check-maps-depth,3
check-maps-depth,1
check-maps-depth,1
check-maps-depth,1
check-maps-depth,2
check-maps-depth,1
check-maps-depth,1
check-maps-depth,1
check-maps-depth,1
check-maps-depth,1
check-maps-depth,1
check-maps-depth,1
check-maps-depth,2
check-maps-depth,2
check-maps-depth,2
check-maps-depth,2
check-maps-depth,1
check-maps-depth,1
check-maps-depth,1
check-maps-depth,2
check-maps-depth,2
check-maps-depth,1
check-maps-depth,1
check-maps-depth,1
check-maps-depth,1
check-maps-depth,1
check-maps-depth,1
check-maps-depth,1
check-maps-depth,1
check-maps-depth,1
check-maps-depth,2
check-maps-depth,1
check-maps-depth,2
check-maps-depth,1
check-maps-depth,1
check-maps-depth,1
check-maps-depth,1
check-maps-depth,1
check-maps-depth,1
check-maps-depth,1
check-maps-depth,1
check-maps-depth,1
check-maps-depth,1
check-maps-depth,1
check-maps-depth,3
check-maps-depth,1
check-maps-depth,3
check-maps-depth,3
check-maps-depth,3
check-maps-depth,3
check-maps-depth,3
check-maps-depth,3
check-maps-depth,3
check-maps-depth,1
check-maps-depth,2
check-maps-depth,2
check-maps-depth,2
check-maps-depth,2
check-maps-depth,1
check-maps-depth,3
check-maps-depth,3
check-maps-depth,2
check-maps-depth,1
check-maps-depth,1
check-maps-depth,1
check-maps-depth,1
check-maps-depth,1
check-maps-depth,1
new,MemoryChunk,0x25705e200000,1048576
check-maps-depth,2
check-maps-depth,1
check-maps-depth,1
check-maps-depth,4
check-maps-depth,1
check-maps-depth,1
check-maps-depth,1
check-maps-depth,1
check-maps-depth,2
check-maps-depth,2
check-maps-depth,1
check-maps-depth,1
check-maps-depth,1
check-maps-depth,2
check-maps-depth,1
check-maps-depth,1
check-maps-depth,1
check-maps-depth,1
check-maps-depth,1
check-maps-depth,2
check-maps-depth,2
check-maps-depth,2
check-maps-depth,1
check-maps-depth,1
check-maps-depth,1
check-maps-depth,1
check-maps-depth,1
check-maps-depth,2
check-maps-depth,1
check-maps-depth,1
check-maps-depth,1
check-maps-depth,1
check-maps-depth,1
check-maps-depth,3
check-maps-depth,2
check-maps-depth,1
check-maps-depth,1
check-maps-depth,1
check-maps-depth,1
check-maps-depth,4
check-maps-depth,2
check-maps-depth,2
check-maps-depth,4
check-maps-depth,1
check-maps-depth,2
check-maps-depth,1
check-maps-depth,1
check-maps-depth,1
check-maps-depth,4
check-maps-depth,1
check-maps-depth,1
check-maps-depth,2
check-maps-depth,2
check-maps-depth,2
check-maps-depth,2
check-maps-depth,1
check-maps-depth,1
check-maps-depth,2
check-maps-depth,2
check-maps-depth,2
check-maps-depth,1
check-maps-depth,1
check-maps-depth,1
check-maps-depth,2
check-maps-depth,1
check-maps-depth,1
check-maps-depth,1
check-maps-depth,2
check-maps-depth,3
check-maps-depth,3
check-maps-depth,3
check-maps-depth,1
check-maps-depth,2
check-maps-depth,2
check-maps-depth,2
check-maps-depth,2
check-maps-depth,2
check-maps-depth,1
check-maps-depth,3
check-maps-depth,1
check-maps-depth,2
check-maps-depth,1
check-maps-depth,3
check-maps-depth,3
check-maps-depth,1
check-maps-depth,1
check-maps-depth,1
check-maps-depth,1
check-maps-depth,1
check-maps-depth,3
check-maps-depth,1
check-maps-depth,3
check-maps-depth,1
check-maps-depth,1
check-maps-depth,1
check-maps-depth,1
check-maps-depth,3
check-maps-depth,1
check-maps-depth,1
scavenge,begin,0,352281,1427964513435
scavenge,end,0,354454,1427964513437
check-maps-depth,2
check-maps-depth,2
new,MemoryChunk,0x930fa00000,1048576
check-maps-depth,1
check-maps-depth,1
check-maps-depth,1
check-maps-depth,1
check-maps-depth,1
check-maps-depth,2
check-maps-depth,8
check-maps-depth,8
check-maps-depth,1
check-maps-depth,2
check-maps-depth,2
check-maps-depth,3
check-maps-depth,1
check-maps-depth,3
check-maps-depth,3
check-maps-depth,3
check-maps-depth,3
check-maps-depth,3
check-maps-depth,3
check-maps-depth,3
check-maps-depth,3
check-maps-depth,3
check-maps-depth,3
check-maps-depth,3
check-maps-depth,3
check-maps-depth,3
check-maps-depth,3
check-maps-depth,3
check-maps-depth,3
check-maps-depth,3
check-maps-depth,3
check-maps-depth,3
check-maps-depth,3
check-maps-depth,8
check-maps-depth,8
check-maps-depth,2
check-maps-depth,8
check-maps-depth,8
check-maps-depth,8
check-maps-depth,8
check-maps-depth,8
check-maps-depth,2
check-maps-depth,3
check-maps-depth,3
check-maps-depth,1
check-maps-depth,3
check-maps-depth,3
check-maps-depth,3
check-maps-depth,3
check-maps-depth,3
check-maps-depth,3
check-maps-depth,3
check-maps-depth,3
check-maps-depth,3
check-maps-depth,3
check-maps-depth,8
check-maps-depth,8
check-maps-depth,1
check-maps-depth,1
check-maps-depth,1
check-maps-depth,1
check-maps-depth,8
check-maps-depth,7
check-maps-depth,5
check-maps-depth,1
check-maps-depth,1
check-maps-depth,1
check-maps-depth,8
check-maps-depth,5
check-maps-depth,1
check-maps-depth,2
check-maps-depth,2
check-maps-depth,8
check-maps-depth,8
check-maps-depth,8
check-maps-depth,1
check-maps-depth,3
check-maps-depth,8
check-maps-depth,8
check-maps-depth,1
check-maps-depth,1
check-maps-depth,2
check-maps-depth,8
check-maps-depth,8
check-maps-depth,8
check-maps-depth,1
check-maps-depth,2
check-maps-depth,2
check-maps-depth,8
check-maps-depth,8
check-maps-depth,1
check-maps-depth,1
check-maps-depth,1
check-maps-depth,1
check-maps-depth,1
check-maps-depth,1
check-maps-depth,1
check-maps-depth,2
check-maps-depth,2
check-maps-depth,1
new,MemoryChunk,0x3ce743100000,1048576
check-maps-depth,1
check-maps-depth,1
check-maps-depth,3
check-maps-depth,2
check-maps-depth,1
check-maps-depth,1
check-maps-depth,2
check-maps-depth,2
check-maps-depth,3
check-maps-depth,3
check-maps-depth,3
check-maps-depth,2
check-maps-depth,1
check-maps-depth,1
check-maps-depth,1
check-maps-depth,1
check-maps-depth,1
check-maps-depth,1
check-maps-depth,1
check-maps-depth,3
check-maps-depth,3
check-maps-depth,1
check-maps-depth,1
check-maps-depth,1
check-maps-depth,1
check-maps-depth,1
check-maps-depth,2
check-maps-depth,2
check-maps-depth,1
check-maps-depth,2
check-maps-depth,2
check-maps-depth,1
check-maps-depth,1
check-maps-depth,1
check-maps-depth,1
check-maps-depth,1
check-maps-depth,2
check-maps-depth,1
check-maps-depth,1
check-maps-depth,1
check-maps-depth,1
check-maps-depth,2
check-maps-depth,1
check-maps-depth,1
check-maps-depth,3
check-maps-depth,3
check-maps-depth,3
check-maps-depth,3
check-maps-depth,1
check-maps-depth,2
check-maps-depth,2
check-maps-depth,1
check-maps-depth,1
check-maps-depth,1
check-maps-depth,1
check-maps-depth,1
check-maps-depth,1
check-maps-depth,1
check-maps-depth,2
check-maps-depth,1
check-maps-depth,1
check-maps-depth,2
check-maps-depth,4
check-maps-depth,1
check-maps-depth,2
check-maps-depth,2
check-maps-depth,3
check-maps-depth,3
check-maps-depth,3
check-maps-depth,3
check-maps-depth,3
check-maps-depth,2
check-maps-depth,2
check-maps-depth,2
check-maps-depth,2
check-maps-depth,2
check-maps-depth,2
check-maps-depth,2
check-maps-depth,3
check-maps-depth,1
check-maps-depth,5
check-maps-depth,1
check-maps-depth,2
check-maps-depth,2
check-maps-depth,3
check-maps-depth,2
check-maps-depth,2
check-maps-depth,5
check-maps-depth,2
check-maps-depth,2
check-maps-depth,2
check-maps-depth,2
check-maps-depth,6
check-maps-depth,2
check-maps-depth,2
check-maps-depth,2
check-maps-depth,2
check-maps-depth,2
check-maps-depth,2
check-maps-depth,2
check-maps-depth,2
check-maps-depth,6
check-maps-depth,2
check-maps-depth,2
check-maps-depth,2
check-maps-depth,2
check-maps-depth,7
check-maps-depth,2
check-maps-depth,2
check-maps-depth,1
check-maps-depth,5
check-maps-depth,2
check-maps-depth,1
check-maps-depth,2
check-maps-depth,6
check-maps-depth,2
check-maps-depth,2
check-maps-depth,6
check-maps-depth,2
check-maps-depth,2
check-maps-depth,2
check-maps-depth,2
check-maps-depth,2
check-maps-depth,2
check-maps-depth,6
check-maps-depth,2
check-maps-depth,2
check-maps-depth,2
check-maps-depth,2
check-maps-depth,2
check-maps-depth,2
check-maps-depth,2
check-maps-depth,2
check-maps-depth,5
check-maps-depth,1
check-maps-depth,1
check-maps-depth,3
check-maps-depth,2
check-maps-depth,1
check-maps-depth,2
check-maps-depth,2
check-maps-depth,2
check-maps-depth,2
check-maps-depth,2
check-maps-depth,4
check-maps-depth,2
check-maps-depth,2
check-maps-depth,4
check-maps-depth,2
check-maps-depth,2
check-maps-depth,2
check-maps-depth,2
check-maps-depth,2
check-maps-depth,2
check-maps-depth,4
check-maps-depth,2
check-maps-depth,2
check-maps-depth,2
check-maps-depth,2
check-maps-depth,4
check-maps-depth,2
check-maps-depth,2
check-maps-depth,2
check-maps-depth,2
check-maps-depth,2
check-maps-depth,2
check-maps-depth,4
check-maps-depth,2
check-maps-depth,2
check-maps-depth,2
check-maps-depth,2
check-maps-depth,1
check-maps-depth,4
check-maps-depth,1
check-maps-depth,5
check-maps-depth,6
check-maps-depth,2
check-maps-depth,2
check-maps-depth,2
check-maps-depth,2
check-maps-depth,2
check-maps-depth,2
check-maps-depth,4
check-maps-depth,2
check-maps-depth,2
check-maps-depth,5
check-maps-depth,2
check-maps-depth,2
check-maps-depth,2
check-maps-depth,2
check-maps-depth,6
check-maps-depth,2
check-maps-depth,2
check-maps-depth,2
check-maps-depth,2
new,MemoryChunk,0x3ce02fd00000,1048576
check-maps-depth,2
check-maps-depth,2
check-maps-depth,1
check-maps-depth,1
check-maps-depth,1
check-maps-depth,1
check-maps-depth,1
check-maps-depth,1
check-maps-depth,2
check-maps-depth,1
check-maps-depth,2
check-maps-depth,1
check-maps-depth,1
check-maps-depth,1
check-maps-depth,1
check-maps-depth,1
check-maps-depth,1
check-maps-depth,1
check-maps-depth,1
check-maps-depth,1
check-maps-depth,1
check-maps-depth,1
check-maps-depth,1
scavenge,begin,0,418642,1427964513510
new,MemoryChunk,0x3d188000000,1048576
scavenge,end,0,421700,1427964513513
check-maps-depth,1
check-maps-depth,1
check-maps-depth,1
check-maps-depth,1
check-maps-depth,2
check-maps-depth,1
check-maps-depth,1
check-maps-depth,1
check-maps-depth,2
check-maps-depth,1
check-maps-depth,2
check-maps-depth,2
check-maps-depth,1
check-maps-depth,2
check-maps-depth,2
check-maps-depth,3
check-maps-depth,1
check-maps-depth,2
check-maps-depth,2
check-maps-depth,2
check-maps-depth,2
check-maps-depth,1
check-maps-depth,3
check-maps-depth,1
check-maps-depth,3
check-maps-depth,2
check-maps-depth,3
check-maps-depth,1
check-maps-depth,3
check-maps-depth,1
check-maps-depth,3
check-maps-depth,3
check-maps-depth,1
check-maps-depth,1
check-maps-depth,1
check-maps-depth,3
check-maps-depth,3
check-maps-depth,1
check-maps-depth,1
check-maps-depth,2
check-maps-depth,1
check-maps-depth,1
check-maps-depth,1
check-maps-depth,1
check-maps-depth,2
check-maps-depth,1
check-maps-depth,1
check-maps-depth,1
check-maps-depth,1
check-maps-depth,1
check-maps-depth,1
check-maps-depth,1
check-maps-depth,3
check-maps-depth,3
check-maps-depth,3
check-maps-depth,1
check-maps-depth,1
check-maps-depth,2
check-maps-depth,1
check-maps-depth,1
check-maps-depth,2
check-maps-depth,1
check-maps-depth,1
check-maps-depth,2
check-maps-depth,2
check-maps-depth,1
check-maps-depth,2
check-maps-depth,1
check-maps-depth,2
check-maps-depth,1
check-maps-depth,1
check-maps-depth,1
check-maps-depth,1
check-maps-depth,1
check-maps-depth,1
check-maps-depth,1
check-maps-depth,1
check-maps-depth,2
check-maps-depth,1
check-maps-depth,1
check-maps-depth,3
check-maps-depth,2
check-maps-depth,3
check-maps-depth,3
check-maps-depth,1
check-maps-depth,3
check-maps-depth,3
check-maps-depth,3
check-maps-depth,3
check-maps-depth,3
check-maps-depth,3
check-maps-depth,3
check-maps-depth,2
check-maps-depth,2
check-maps-depth,1
check-maps-depth,1
check-maps-depth,2
check-maps-depth,1
check-maps-depth,2
check-maps-depth,1
check-maps-depth,1
check-maps-depth,2
check-maps-depth,1
check-maps-depth,1
check-maps-depth,1
check-maps-depth,2
check-maps-depth,1
check-maps-depth,1
check-maps-depth,1
check-maps-depth,2
check-maps-depth,1
check-maps-depth,1
check-maps-depth,2
check-maps-depth,1
check-maps-depth,1
check-maps-depth,1
check-maps-depth,1
check-maps-depth,1
check-maps-depth,2
check-maps-depth,1
check-maps-depth,1
check-maps-depth,2
check-maps-depth,2
check-maps-depth,1
check-maps-depth,2
check-maps-depth,1
check-maps-depth,2
check-maps-depth,1
check-maps-depth,1
check-maps-depth,1
check-maps-depth,2
check-maps-depth,1
check-maps-depth,2
check-maps-depth,1
check-maps-depth,2
check-maps-depth,1
check-maps-depth,1
check-maps-depth,2
check-maps-depth,1
check-maps-depth,2
check-maps-depth,1
check-maps-depth,1
check-maps-depth,1
check-maps-depth,2
check-maps-depth,1
check-maps-depth,2
check-maps-depth,2
check-maps-depth,2
check-maps-depth,3
check-maps-depth,3
check-maps-depth,3
check-maps-depth,3
check-maps-depth,3
check-maps-depth,3
check-maps-depth,3
check-maps-depth,3
check-maps-depth,3
check-maps-depth,3
check-maps-depth,3
check-maps-depth,3
check-maps-depth,3
check-maps-depth,3
check-maps-depth,2
check-maps-depth,2
check-maps-depth,2
check-maps-depth,2
check-maps-depth,2
check-maps-depth,1
check-maps-depth,3
check-maps-depth,3
check-maps-depth,3
check-maps-depth,3
check-maps-depth,1
check-maps-depth,1
check-maps-depth,1
check-maps-depth,1
check-maps-depth,1
check-maps-depth,1
check-maps-depth,2
check-maps-depth,1
check-maps-depth,2
check-maps-depth,1
check-maps-depth,1
check-maps-depth,1
check-maps-depth,1
check-maps-depth,1
check-maps-depth,1
check-maps-depth,1
check-maps-depth,2
check-maps-depth,2
check-maps-depth,1
check-maps-depth,1
check-maps-depth,2
check-maps-depth,2
check-maps-depth,2
check-maps-depth,1
check-maps-depth,2
check-maps-depth,2
check-maps-depth,2
check-maps-depth,2
check-maps-depth,1
check-maps-depth,1
check-maps-depth,2
check-maps-depth,1
check-maps-depth,1
check-maps-depth,1
check-maps-depth,2
check-maps-depth,2
check-maps-depth,1
check-maps-depth,2
check-maps-depth,1
check-maps-depth,1
check-maps-depth,2
check-maps-depth,1
check-maps-depth,1
check-maps-depth,1
check-maps-depth,2
check-maps-depth,2
check-maps-depth,1
check-maps-depth,2
check-maps-depth,2
check-maps-depth,1
check-maps-depth,1
check-maps-depth,1
check-maps-depth,1
check-maps-depth,1
check-maps-depth,2
check-maps-depth,2
check-maps-depth,2
check-maps-depth,2
check-maps-depth,1
check-maps-depth,2
check-maps-depth,2
check-maps-depth,2
check-maps-depth,2
check-maps-depth,2
check-maps-depth,2
check-maps-depth,2
check-maps-depth,2
check-maps-depth,1
check-maps-depth,2
check-maps-depth,1
check-maps-depth,1
check-maps-depth,1
check-maps-depth,1
check-maps-depth,1
check-maps-depth,2
check-maps-depth,2
check-maps-depth,2
check-maps-depth,1
check-maps-depth,1
check-maps-depth,1
check-maps-depth,2
check-maps-depth,2
check-maps-depth,1
check-maps-depth,1
check-maps-depth,1
check-maps-depth,4
check-maps-depth,4
check-maps-depth,4
check-maps-depth,4
check-maps-depth,4
check-maps-depth,1
check-maps-depth,1
check-maps-depth,4
check-maps-depth,2
check-maps-depth,1
check-maps-depth,2
check-maps-depth,1
check-maps-depth,1
check-maps-depth,1
check-maps-depth,1
check-maps-depth,1
check-maps-depth,1
check-maps-depth,1
check-maps-depth,2
check-maps-depth,1
check-maps-depth,1
check-maps-depth,2
check-maps-depth,1
check-maps-depth,2
check-maps-depth,2
check-maps-depth,1
check-maps-depth,1
check-maps-depth,1
check-maps-depth,1
check-maps-depth,1
check-maps-depth,2
check-maps-depth,1
check-maps-depth,2
check-maps-depth,2
check-maps-depth,1
check-maps-depth,1
check-maps-depth,1
check-maps-depth,2
check-maps-depth,1
check-maps-depth,2
check-maps-depth,1
check-maps-depth,1
check-maps-depth,2
check-maps-depth,2
check-maps-depth,1
check-maps-depth,2
check-maps-depth,1
check-maps-depth,4
check-maps-depth,2
check-maps-depth,2
check-maps-depth,1
check-maps-depth,2
check-maps-depth,2
check-maps-depth,2
check-maps-depth,1
check-maps-depth,2
check-maps-depth,2
check-maps-depth,2
check-maps-depth,2
check-maps-depth,2
check-maps-depth,2
check-maps-depth,2
check-maps-depth,2
check-maps-depth,2
check-maps-depth,2
check-maps-depth,2
check-maps-depth,2
check-maps-depth,2
check-maps-depth,2
check-maps-depth,2
check-maps-depth,2
check-maps-depth,2
check-maps-depth,2
check-maps-depth,2
check-maps-depth,2
check-maps-depth,2
check-maps-depth,1
check-maps-depth,1
check-maps-depth,2
check-maps-depth,2
check-maps-depth,1
check-maps-depth,2
check-maps-depth,1
check-maps-depth,4
check-maps-depth,2
check-maps-depth,2
check-maps-depth,1
check-maps-depth,4
check-maps-depth,2
check-maps-depth,1
check-maps-depth,2
check-maps-depth,2
check-maps-depth,2
check-maps-depth,2
check-maps-depth,2
check-maps-depth,1
check-maps-depth,2
check-maps-depth,2
check-maps-depth,1
check-maps-depth,2
check-maps-depth,2
check-maps-depth,1
check-maps-depth,2
check-maps-depth,2
check-maps-depth,2
check-maps-depth,1
check-maps-depth,1
check-maps-depth,2
check-maps-depth,5
check-maps-depth,5
check-maps-depth,5
check-maps-depth,5
check-maps-depth,5
check-maps-depth,1
check-maps-depth,5
check-maps-depth,2
check-maps-depth,5
check-maps-depth,2
check-maps-depth,2
check-maps-depth,2
check-maps-depth,2
check-maps-depth,5
check-maps-depth,1
check-maps-depth,1
check-maps-depth,1
check-maps-depth,2
check-maps-depth,1
check-maps-depth,1
check-maps-depth,2
check-maps-depth,2
check-maps-depth,1
check-maps-depth,5
check-maps-depth,1
check-maps-depth,5
check-maps-depth,1
check-maps-depth,2
check-maps-depth,1
check-maps-depth,2
check-maps-depth,1
check-maps-depth,1
check-maps-depth,1
check-maps-depth,1
check-maps-depth,5
check-maps-depth,2
check-maps-depth,2
check-maps-depth,1
check-maps-depth,1
check-maps-depth,1
check-maps-depth,1
check-maps-depth,1
check-maps-depth,1
check-maps-depth,1
check-maps-depth,1
check-maps-depth,1
check-maps-depth,4
check-maps-depth,2
check-maps-depth,1
check-maps-depth,3
check-maps-depth,1
check-maps-depth,2
check-maps-depth,1
check-maps-depth,4
check-maps-depth,2
check-maps-depth,2
check-maps-depth,1
check-maps-depth,2
check-maps-depth,2
check-maps-depth,2
check-maps-depth,1
check-maps-depth,1
check-maps-depth,1
check-maps-depth,1
check-maps-depth,1
check-maps-depth,1
check-maps-depth,2
check-maps-depth,2
check-maps-depth,1
check-maps-depth,1
check-maps-depth,1
check-maps-depth,1
check-maps-depth,1
check-maps-depth,1
check-maps-depth,1
check-maps-depth,1
check-maps-depth,2
check-maps-depth,1
check-maps-depth,1
check-maps-depth,1
check-maps-depth,2
check-maps-depth,3
check-maps-depth,1
check-maps-depth,1
check-maps-depth,2
check-maps-depth,1
check-maps-depth,1
check-maps-depth,2
check-maps-depth,1
check-maps-depth,2
check-maps-depth,1
check-maps-depth,2
check-maps-depth,1
check-maps-depth,1
check-maps-depth,1
check-maps-depth,1
check-maps-depth,1
check-maps-depth,1
check-maps-depth,2
check-maps-depth,2
check-maps-depth,1
check-maps-depth,2
check-maps-depth,2
check-maps-depth,2
check-maps-depth,1
check-maps-depth,1
check-maps-depth,1
check-maps-depth,1
check-maps-depth,2
check-maps-depth,1
check-maps-depth,2
check-maps-depth,1
check-maps-depth,2
check-maps-depth,1
check-maps-depth,1
check-maps-depth,1
check-maps-depth,1
check-maps-depth,1
check-maps-depth,1
check-maps-depth,2
check-maps-depth,1
check-maps-depth,1
check-maps-depth,1
check-maps-depth,1
check-maps-depth,1
check-maps-depth,1
check-maps-depth,1
check-maps-depth,1
check-maps-depth,1
check-maps-depth,1
check-maps-depth,1
check-maps-depth,1
check-maps-depth,1
check-maps-depth,1
check-maps-depth,1
check-maps-depth,1
check-maps-depth,3
check-maps-depth,3
check-maps-depth,3
check-maps-depth,1
check-maps-depth,1
check-maps-depth,1
check-maps-depth,2
check-maps-depth,2
check-maps-depth,1
check-maps-depth,3
check-maps-depth,1
check-maps-depth,2
check-maps-depth,3
check-maps-depth,1
check-maps-depth,1
check-maps-depth,3
check-maps-depth,3
check-maps-depth,3
check-maps-depth,3
check-maps-depth,3
check-maps-depth,3
check-maps-depth,1
check-maps-depth,3
check-maps-depth,3
check-maps-depth,3
check-maps-depth,3
check-maps-depth,3
check-maps-depth,3
check-maps-depth,1
check-maps-depth,3
check-maps-depth,3
check-maps-depth,2
check-maps-depth,1
check-maps-depth,3
check-maps-depth,3
check-maps-depth,1
check-maps-depth,3
check-maps-depth,3
check-maps-depth,3
check-maps-depth,3
check-maps-depth,3
check-maps-depth,2
check-maps-depth,2
check-maps-depth,1
check-maps-depth,2
check-maps-depth,2
check-maps-depth,2
check-maps-depth,3
check-maps-depth,3
check-maps-depth,2
check-maps-depth,2
check-maps-depth,1
check-maps-depth,1
check-maps-depth,1
check-maps-depth,1
check-maps-depth,1
check-maps-depth,1
check-maps-depth,1
check-maps-depth,1
check-maps-depth,1
check-maps-depth,1
check-maps-depth,1
check-maps-depth,1
check-maps-depth,1
check-maps-depth,1
check-maps-depth,1
check-maps-depth,1
check-maps-depth,1
check-maps-depth,1
check-maps-depth,1
check-maps-depth,1
check-maps-depth,1
check-maps-depth,1
check-maps-depth,2
check-maps-depth,2
check-maps-depth,2
check-maps-depth,2
check-maps-depth,2
check-maps-depth,2
check-maps-depth,1
check-maps-depth,1
check-maps-depth,3
check-maps-depth,2
check-maps-depth,2
check-maps-depth,3
check-maps-depth,3
check-maps-depth,2
check-maps-depth,1
check-maps-depth,1
check-maps-depth,1
check-maps-depth,2
check-maps-depth,1
check-maps-depth,1
check-maps-depth,1
check-maps-depth,1
check-maps-depth,1
check-maps-depth,1
check-maps-depth,1
check-maps-depth,1
check-maps-depth,1
check-maps-depth,1
check-maps-depth,2
check-maps-depth,3
check-maps-depth,2
check-maps-depth,1
check-maps-depth,1
check-maps-depth,3
check-maps-depth,3
check-maps-depth,1
check-maps-depth,2
check-maps-depth,3
check-maps-depth,3
check-maps-depth,2
check-maps-depth,2
check-maps-depth,1
check-maps-depth,1
check-maps-depth,3
check-maps-depth,2
check-maps-depth,3
check-maps-depth,3
check-maps-depth,3
check-maps-depth,3
check-maps-depth,1
check-maps-depth,3
check-maps-depth,3
check-maps-depth,2
check-maps-depth,3
check-maps-depth,3
check-maps-depth,1
check-maps-depth,1
check-maps-depth,2
check-maps-depth,3
check-maps-depth,3
check-maps-depth,2
check-maps-depth,1
check-maps-depth,3
check-maps-depth,3
check-maps-depth,3
check-maps-depth,3
check-maps-depth,1
check-maps-depth,2
check-maps-depth,3
check-maps-depth,2
check-maps-depth,3
check-maps-depth,3
check-maps-depth,1
check-maps-depth,2
check-maps-depth,1
check-maps-depth,3
check-maps-depth,1
check-maps-depth,2
check-maps-depth,1
check-maps-depth,2
check-maps-depth,2
check-maps-depth,1
check-maps-depth,3
check-maps-depth,3
check-maps-depth,3
check-maps-depth,2
new,MemoryChunk,0x3ce743200000,1048576
new,MemoryChunk,0x5f3c2700000,1048576
check-maps-depth,2
check-maps-depth,3
check-maps-depth,3
check-maps-depth,3
check-maps-depth,1
check-maps-depth,1
check-maps-depth,1
check-maps-depth,1
check-maps-depth,1
check-maps-depth,1
check-maps-depth,1
check-maps-depth,1
check-maps-depth,1
check-maps-depth,1
check-maps-depth,1
check-maps-depth,1
check-maps-depth,1
check-maps-depth,1
check-maps-depth,1
new,MemoryChunk,0x3ce743300000,1048576
check-maps-depth,1
check-maps-depth,3
check-maps-depth,3
check-maps-depth,3
check-maps-depth,3
check-maps-depth,1
check-maps-depth,3
check-maps-depth,3
check-maps-depth,2
check-maps-depth,1
check-maps-depth,1
check-maps-depth,2
check-maps-depth,2
check-maps-depth,1
check-maps-depth,1
check-maps-depth,1
check-maps-depth,2
check-maps-depth,2
check-maps-depth,1
check-maps-depth,1
check-maps-depth,2
check-maps-depth,1
check-maps-depth,2
check-maps-depth,1
check-maps-depth,1
check-maps-depth,1
check-maps-depth,1
check-maps-depth,1
check-maps-depth,2
check-maps-depth,1
check-maps-depth,1
check-maps-depth,1
check-maps-depth,1
check-maps-depth,2
check-maps-depth,3
check-maps-depth,3
check-maps-depth,3
check-maps-depth,3
check-maps-depth,2
check-maps-depth,1
check-maps-depth,2
check-maps-depth,2
check-maps-depth,3
check-maps-depth,3
check-maps-depth,3
check-maps-depth,2
check-maps-depth,2
check-maps-depth,1
check-maps-depth,1
check-maps-depth,1
check-maps-depth,1
check-maps-depth,1
check-maps-depth,1
check-maps-depth,3
check-maps-depth,3
check-maps-depth,3
check-maps-depth,3
check-maps-depth,3
check-maps-depth,3
check-maps-depth,3
check-maps-depth,3
check-maps-depth,3
check-maps-depth,3
check-maps-depth,3
check-maps-depth,3
check-maps-depth,3
check-maps-depth,2
check-maps-depth,1
check-maps-depth,1
check-maps-depth,2
check-maps-depth,3
check-maps-depth,3
check-maps-depth,1
check-maps-depth,2
check-maps-depth,3
check-maps-depth,3
check-maps-depth,3
check-maps-depth,2
check-maps-depth,2
check-maps-depth,1
check-maps-depth,1
check-maps-depth,1
check-maps-depth,1
check-maps-depth,2
check-maps-depth,1
check-maps-depth,1
check-maps-depth,1
check-maps-depth,2
check-maps-depth,2
check-maps-depth,1
check-maps-depth,2
check-maps-depth,2
check-maps-depth,1
check-maps-depth,1
check-maps-depth,2
check-maps-depth,4
check-maps-depth,4
check-maps-depth,2
check-maps-depth,1
check-maps-depth,2
check-maps-depth,1
check-maps-depth,1
check-maps-depth,4
check-maps-depth,4
check-maps-depth,2
check-maps-depth,1
check-maps-depth,4
check-maps-depth,4
check-maps-depth,1
check-maps-depth,1
check-maps-depth,2
check-maps-depth,2
check-maps-depth,2
check-maps-depth,1
check-maps-depth,1
check-maps-depth,1
check-maps-depth,1
check-maps-depth,1
check-maps-depth,1
check-maps-depth,2
check-maps-depth,6
check-maps-depth,6
check-maps-depth,6
check-maps-depth,6
check-maps-depth,6
check-maps-depth,6
check-maps-depth,1
check-maps-depth,1
check-maps-depth,2
check-maps-depth,1
check-maps-depth,1
check-maps-depth,1
check-maps-depth,1
check-maps-depth,1
check-maps-depth,1
check-maps-depth,5
check-maps-depth,5
check-maps-depth,5
check-maps-depth,5
check-maps-depth,5
check-maps-depth,5
check-maps-depth,2
check-maps-depth,1
check-maps-depth,2
check-maps-depth,1
check-maps-depth,2
check-maps-depth,2
check-maps-depth,1
check-maps-depth,2
check-maps-depth,2
check-maps-depth,4
check-maps-depth,4
check-maps-depth,3
check-maps-depth,2
check-maps-depth,4
check-maps-depth,4
check-maps-depth,2
check-maps-depth,2
check-maps-depth,1
check-maps-depth,1
check-maps-depth,1
check-maps-depth,1
check-maps-depth,5
check-maps-depth,5
check-maps-depth,1
check-maps-depth,1
check-maps-depth,2
check-maps-depth,1
check-maps-depth,2
check-maps-depth,2
check-maps-depth,1
check-maps-depth,1
check-maps-depth,1
check-maps-depth,2
check-maps-depth,1
check-maps-depth,4
check-maps-depth,4
check-maps-depth,2
check-maps-depth,2
check-maps-depth,1
check-maps-depth,1
check-maps-depth,1
check-maps-depth,2
check-maps-depth,2
check-maps-depth,2
check-maps-depth,1
check-maps-depth,1
check-maps-depth,1
check-maps-depth,1
check-maps-depth,1
check-maps-depth,1
check-maps-depth,1
check-maps-depth,1
check-maps-depth,3
check-maps-depth,1
check-maps-depth,3
check-maps-depth,3
check-maps-depth,3
check-maps-depth,3
check-maps-depth,3
check-maps-depth,3
check-maps-depth,3
check-maps-depth,3
check-maps-depth,3
check-maps-depth,3
check-maps-depth,3
check-maps-depth,3
check-maps-depth,3
check-maps-depth,3
check-maps-depth,3
check-maps-depth,3
check-maps-depth,3
check-maps-depth,3
check-maps-depth,2
check-maps-depth,4
check-maps-depth,5
check-maps-depth,3
check-maps-depth,1
check-maps-depth,1
check-maps-depth,2
check-maps-depth,2
check-maps-depth,2
check-maps-depth,1
check-maps-depth,1
check-maps-depth,2
check-maps-depth,2
check-maps-depth,5
check-maps-depth,3
check-maps-depth,1
check-maps-depth,3
check-maps-depth,3
check-maps-depth,3
check-maps-depth,3
check-maps-depth,3
check-maps-depth,1
check-maps-depth,3
check-maps-depth,3
check-maps-depth,3
check-maps-depth,3
check-maps-depth,3
check-maps-depth,3
check-maps-depth,2
check-maps-depth,3
check-maps-depth,1
check-maps-depth,3
check-maps-depth,1
check-maps-depth,2
check-maps-depth,1
check-maps-depth,1
check-maps-depth,4
check-maps-depth,2
check-maps-depth,3
check-maps-depth,1
check-maps-depth,1
check-maps-depth,1
check-maps-depth,5
check-maps-depth,2
check-maps-depth,1
check-maps-depth,1
check-maps-depth,1
check-maps-depth,1
check-maps-depth,1
check-maps-depth,1
check-maps-depth,3
check-maps-depth,3
check-maps-depth,3
check-maps-depth,1
check-maps-depth,1
check-maps-depth,1
check-maps-depth,1
check-maps-depth,3
new,MemoryChunk,0x30bca7f00000,1048576
check-maps-depth,1
check-maps-depth,1
check-maps-depth,2
check-maps-depth,1
check-maps-depth,1
check-maps-depth,2
check-maps-depth,1
check-maps-depth,1
check-maps-depth,1
check-maps-depth,2
check-maps-depth,2
check-maps-depth,2
check-maps-depth,1
check-maps-depth,2
check-maps-depth,1
check-maps-depth,1
check-maps-depth,1
check-maps-depth,2
check-maps-depth,2
check-maps-depth,2
check-maps-depth,2
check-maps-depth,1
check-maps-depth,2
check-maps-depth,2
check-maps-depth,1
check-maps-depth,1
check-maps-depth,1
check-maps-depth,1
check-maps-depth,1
check-maps-depth,1
check-maps-depth,1
check-maps-depth,1
check-maps-depth,1
check-maps-depth,2
check-maps-depth,2
check-maps-depth,1
check-maps-depth,1
check-maps-depth,2
check-maps-depth,1
check-maps-depth,2
check-maps-depth,1
check-maps-depth,1
check-maps-depth,1
check-maps-depth,1
check-maps-depth,2
check-maps-depth,1
check-maps-depth,1
check-maps-depth,1
check-maps-depth,1
check-maps-depth,1
check-maps-depth,2
check-maps-depth,1
check-maps-depth,1
check-maps-depth,1
check-maps-depth,1
check-maps-depth,1
check-maps-depth,1
check-maps-depth,1
check-maps-depth,1
check-maps-depth,1
check-maps-depth,1
check-maps-depth,1
check-maps-depth,1
check-maps-depth,1
check-maps-depth,3
check-maps-depth,1
check-maps-depth,2
check-maps-depth,3
check-maps-depth,1
check-maps-depth,1
check-maps-depth,3
check-maps-depth,3
check-maps-depth,3
check-maps-depth,3
check-maps-depth,3
check-maps-depth,3
check-maps-depth,1
check-maps-depth,3
check-maps-depth,3
check-maps-depth,3
check-maps-depth,3
check-maps-depth,3
check-maps-depth,3
check-maps-depth,1
check-maps-depth,3
check-maps-depth,3
check-maps-depth,2
check-maps-depth,3
check-maps-depth,3
check-maps-depth,1
check-maps-depth,3
check-maps-depth,3
check-maps-depth,3
check-maps-depth,3
check-maps-depth,3
check-maps-depth,1
check-maps-depth,1
check-maps-depth,1
check-maps-depth,1
check-maps-depth,2
check-maps-depth,2
check-maps-depth,3
check-maps-depth,3
check-maps-depth,2
check-maps-depth,2
check-maps-depth,1
check-maps-depth,1
check-maps-depth,1
check-maps-depth,1
check-maps-depth,1
check-maps-depth,1
check-maps-depth,1
check-maps-depth,1
check-maps-depth,1
check-maps-depth,1
check-maps-depth,1
check-maps-depth,1
check-maps-depth,1
check-maps-depth,1
check-maps-depth,1
check-maps-depth,1
check-maps-depth,1
check-maps-depth,1
check-maps-depth,2
check-maps-depth,2
check-maps-depth,1
check-maps-depth,1
check-maps-depth,1
check-maps-depth,2
check-maps-depth,2
check-maps-depth,2
check-maps-depth,2
check-maps-depth,1
check-maps-depth,2
check-maps-depth,3
check-maps-depth,3
check-maps-depth,1
check-maps-depth,2
check-maps-depth,3
check-maps-depth,3
check-maps-depth,2
check-maps-depth,2
check-maps-depth,1
check-maps-depth,2
check-maps-depth,3
check-maps-depth,2
check-maps-depth,2
check-maps-depth,3
check-maps-depth,3
check-maps-depth,1
check-maps-depth,2
check-maps-depth,1
check-maps-depth,3
check-maps-depth,3
check-maps-depth,3
check-maps-depth,1
check-maps-depth,2
check-maps-depth,1
check-maps-depth,2
check-maps-depth,2
check-maps-depth,1
check-maps-depth,4
check-maps-depth,2
check-maps-depth,2
check-maps-depth,2
check-maps-depth,1
check-maps-depth,1
check-maps-depth,1
check-maps-depth,2
check-maps-depth,1
check-maps-depth,2
check-maps-depth,1
check-maps-depth,1
check-maps-depth,1
check-maps-depth,2
check-maps-depth,1
check-maps-depth,1
check-maps-depth,1
check-maps-depth,1
check-maps-depth,1
check-maps-depth,1
check-maps-depth,2
check-maps-depth,3
check-maps-depth,3
check-maps-depth,3
check-maps-depth,3
check-maps-depth,3
scavenge,begin,0,554316,1427964513660
new,MemoryChunk,0x2a3511600000,1048576
scavenge,end,0,557173,1427964513664
check-maps-depth,1
check-maps-depth,1
check-maps-depth,1
check-maps-depth,1
check-maps-depth,1
check-maps-depth,1
check-maps-depth,3
check-maps-depth,1
check-maps-depth,1
check-maps-depth,1
check-maps-depth,1
check-maps-depth,1
check-maps-depth,2
check-maps-depth,1
check-maps-depth,2
check-maps-depth,1
check-maps-depth,1
check-maps-depth,1
check-maps-depth,2
check-maps-depth,1
check-maps-depth,1
check-maps-depth,1
check-maps-depth,1
check-maps-depth,1
check-maps-depth,1
check-maps-depth,1
check-maps-depth,2
check-maps-depth,2
check-maps-depth,1
check-maps-depth,5
check-maps-depth,1
check-maps-depth,1
check-maps-depth,1
check-maps-depth,5
check-maps-depth,2
check-maps-depth,2
check-maps-depth,1
check-maps-depth,1
check-maps-depth,2
check-maps-depth,2
check-maps-depth,2
check-maps-depth,1
check-maps-depth,1
check-maps-depth,5
check-maps-depth,5
check-maps-depth,1
check-maps-depth,2
check-maps-depth,1
check-maps-depth,2
check-maps-depth,1
check-maps-depth,1
check-maps-depth,2
check-maps-depth,1
check-maps-depth,1
check-maps-depth,3
check-maps-depth,2
check-maps-depth,1
check-maps-depth,1
check-maps-depth,1
check-maps-depth,1
check-maps-depth,4
check-maps-depth,4
check-maps-depth,1
check-maps-depth,1
check-maps-depth,1
check-maps-depth,1
check-maps-depth,1
check-maps-depth,1
check-maps-depth,1
check-maps-depth,2
check-maps-depth,7
check-maps-depth,7
check-maps-depth,3
check-maps-depth,3
check-maps-depth,3
check-maps-depth,3
check-maps-depth,3
check-maps-depth,1
check-maps-depth,1
check-maps-depth,1
check-maps-depth,3
check-maps-depth,4
check-maps-depth,1
check-maps-depth,2
check-maps-depth,1
check-maps-depth,1
check-maps-depth,1
check-maps-depth,1
check-maps-depth,1
check-maps-depth,1
check-maps-depth,2
check-maps-depth,2
check-maps-depth,2
check-maps-depth,1
check-maps-depth,1
check-maps-depth,1
check-maps-depth,2
check-maps-depth,1
check-maps-depth,2
check-maps-depth,1
check-maps-depth,2
check-maps-depth,1
check-maps-depth,2
check-maps-depth,1
check-maps-depth,1
check-maps-depth,1
check-maps-depth,1
check-maps-depth,1
check-maps-depth,1
check-maps-depth,1
check-maps-depth,1
check-maps-depth,1
check-maps-depth,1
check-maps-depth,2
check-maps-depth,6
check-maps-depth,6
check-maps-depth,1
check-maps-depth,1
check-maps-depth,2
check-maps-depth,1
check-maps-depth,1
check-maps-depth,1
check-maps-depth,6
check-maps-depth,6
check-maps-depth,1
check-maps-depth,2
check-maps-depth,1
check-maps-depth,1
check-maps-depth,3
check-maps-depth,1
check-maps-depth,1
check-maps-depth,2
check-maps-depth,1
check-maps-depth,1
check-maps-depth,1
check-maps-depth,1
check-maps-depth,1
check-maps-depth,1
check-maps-depth,1
check-maps-depth,2
check-maps-depth,1
check-maps-depth,1
check-maps-depth,1
check-maps-depth,1
check-maps-depth,1
check-maps-depth,1
check-maps-depth,2
check-maps-depth,1
check-maps-depth,1
check-maps-depth,1
check-maps-depth,1
check-maps-depth,2
check-maps-depth,1
check-maps-depth,1
check-maps-depth,1
check-maps-depth,1
check-maps-depth,2
check-maps-depth,1
check-maps-depth,2
check-maps-depth,3
check-maps-depth,1
check-maps-depth,1
check-maps-depth,5
check-maps-depth,1
check-maps-depth,2
check-maps-depth,1
check-maps-depth,1
check-maps-depth,1
check-maps-depth,1
check-maps-depth,1
check-maps-depth,1
check-maps-depth,5
check-maps-depth,3
check-maps-depth,1
check-maps-depth,1
check-maps-depth,1
check-maps-depth,1
check-maps-depth,1
check-maps-depth,1
check-maps-depth,1
check-maps-depth,2
check-maps-depth,2
check-maps-depth,2
check-maps-depth,1
check-maps-depth,1
check-maps-depth,1
check-maps-depth,1
check-maps-depth,1
check-maps-depth,1
check-maps-depth,1
check-maps-depth,1
check-maps-depth,1
check-maps-depth,1
check-maps-depth,1
check-maps-depth,1
check-maps-depth,1
check-maps-depth,1
check-maps-depth,1
check-maps-depth,2
check-maps-depth,1
check-maps-depth,1
check-maps-depth,1
check-maps-depth,1
check-maps-depth,1
check-maps-depth,1
check-maps-depth,2
check-maps-depth,3
check-maps-depth,1
check-maps-depth,1
check-maps-depth,1
check-maps-depth,2
check-maps-depth,1
check-maps-depth,1
check-maps-depth,1
check-maps-depth,2
check-maps-depth,1
check-maps-depth,2
check-maps-depth,1
check-maps-depth,2
check-maps-depth,1
check-maps-depth,1
check-maps-depth,2
check-maps-depth,2
check-maps-depth,3
check-maps-depth,3
check-maps-depth,3
check-maps-depth,3
check-maps-depth,3
check-maps-depth,3
check-maps-depth,2
check-maps-depth,2
check-maps-depth,1
check-maps-depth,3
check-maps-depth,3
check-maps-depth,1
check-maps-depth,3
check-maps-depth,1
check-maps-depth,3
check-maps-depth,2
check-maps-depth,2
check-maps-depth,2
check-maps-depth,2
check-maps-depth,2
check-maps-depth,3
check-maps-depth,3
check-maps-depth,3
check-maps-depth,3
check-maps-depth,3
check-maps-depth,3
check-maps-depth,3
check-maps-depth,3
check-maps-depth,3
check-maps-depth,3
check-maps-depth,3
check-maps-depth,3
check-maps-depth,3
check-maps-depth,3
check-maps-depth,3
check-maps-depth,3
check-maps-depth,1
check-maps-depth,1
check-maps-depth,4
check-maps-depth,1
check-maps-depth,2
check-maps-depth,2
check-maps-depth,2
check-maps-depth,1
check-maps-depth,2
check-maps-depth,1
check-maps-depth,2
check-maps-depth,2
check-maps-depth,1
check-maps-depth,2
check-maps-depth,2
check-maps-depth,2
check-maps-depth,2
check-maps-depth,4
check-maps-depth,1
check-maps-depth,1
check-maps-depth,2
check-maps-depth,2
check-maps-depth,2
check-maps-depth,2
check-maps-depth,2
check-maps-depth,2
check-maps-depth,1
check-maps-depth,2
check-maps-depth,2
check-maps-depth,2
check-maps-depth,2
check-maps-depth,2
check-maps-depth,1
check-maps-depth,1
check-maps-depth,2
check-maps-depth,2
check-maps-depth,1
check-maps-depth,2
check-maps-depth,1
check-maps-depth,1
check-maps-depth,1
check-maps-depth,3
check-maps-depth,1
check-maps-depth,2
check-maps-depth,1
check-maps-depth,2
check-maps-depth,4
check-maps-depth,2
check-maps-depth,4
check-maps-depth,1
check-maps-depth,1
check-maps-depth,2
check-maps-depth,3
check-maps-depth,1
check-maps-depth,3
check-maps-depth,3
check-maps-depth,1
check-maps-depth,1
check-maps-depth,3
check-maps-depth,2
check-maps-depth,1
check-maps-depth,1
check-maps-depth,2
check-maps-depth,1
check-maps-depth,2
check-maps-depth,2
check-maps-depth,2
check-maps-depth,2
check-maps-depth,2
check-maps-depth,1
check-maps-depth,2
check-maps-depth,1
check-maps-depth,2
check-maps-depth,2
check-maps-depth,2
check-maps-depth,2
check-maps-depth,2
check-maps-depth,1
check-maps-depth,2
check-maps-depth,2
check-maps-depth,2
check-maps-depth,2
check-maps-depth,4
check-maps-depth,1
check-maps-depth,2
check-maps-depth,2
check-maps-depth,2
check-maps-depth,2
check-maps-depth,2
check-maps-depth,2
check-maps-depth,1
check-maps-depth,2
check-maps-depth,1
check-maps-depth,3
check-maps-depth,3
check-maps-depth,3
check-maps-depth,3
check-maps-depth,2
check-maps-depth,3
check-maps-depth,3
check-maps-depth,3
check-maps-depth,3
check-maps-depth,3
check-maps-depth,1
check-maps-depth,2
check-maps-depth,1
check-maps-depth,2
check-maps-depth,1
check-maps-depth,2
check-maps-depth,1
check-maps-depth,1
check-maps-depth,2
check-maps-depth,1
check-maps-depth,1
check-maps-depth,1
check-maps-depth,1
check-maps-depth,1
check-maps-depth,2
check-maps-depth,1
check-maps-depth,2
check-maps-depth,1
check-maps-depth,1
check-maps-depth,2
check-maps-depth,2
check-maps-depth,1
check-maps-depth,2
check-maps-depth,2
check-maps-depth,2
check-maps-depth,2
check-maps-depth,2
check-maps-depth,2
check-maps-depth,2
check-maps-depth,2
check-maps-depth,2
check-maps-depth,2
check-maps-depth,1
check-maps-depth,2
check-maps-depth,2
check-maps-depth,2
check-maps-depth,2
check-maps-depth,4
check-maps-depth,1
check-maps-depth,2
check-maps-depth,2
check-maps-depth,2
check-maps-depth,2
check-maps-depth,2
check-maps-depth,2
check-maps-depth,1
check-maps-depth,2
check-maps-depth,1
check-maps-depth,2
check-maps-depth,1
check-maps-depth,1
check-maps-depth,2
check-maps-depth,1
check-maps-depth,3
check-maps-depth,1
check-maps-depth,1
check-maps-depth,2
check-maps-depth,1
check-maps-depth,2
check-maps-depth,1
check-maps-depth,1
check-maps-depth,2
check-maps-depth,1
check-maps-depth,1
check-maps-depth,2
check-maps-depth,2
check-maps-depth,1
check-maps-depth,1
check-maps-depth,2
check-maps-depth,2
check-maps-depth,2
check-maps-depth,2
check-maps-depth,1
check-maps-depth,1
check-maps-depth,1
check-maps-depth,1
check-maps-depth,1
check-maps-depth,1
check-maps-depth,5
check-maps-depth,5
check-maps-depth,1
check-maps-depth,1
check-maps-depth,1
check-maps-depth,1
check-maps-depth,3
check-maps-depth,1
check-maps-depth,1
check-maps-depth,1
check-maps-depth,1
check-maps-depth,1
check-maps-depth,1
check-maps-depth,1
check-maps-depth,1
check-maps-depth,1
check-maps-depth,1
check-maps-depth,1
check-maps-depth,1
check-maps-depth,1
check-maps-depth,1
check-maps-depth,1
check-maps-depth,1
check-maps-depth,1
check-maps-depth,1
check-maps-depth,1
check-maps-depth,2
check-maps-depth,1
check-maps-depth,2
check-maps-depth,1
check-maps-depth,1
check-maps-depth,1
check-maps-depth,1
check-maps-depth,1
check-maps-depth,1
check-maps-depth,1
check-maps-depth,1
check-maps-depth,1
check-maps-depth,1
check-maps-depth,1
check-maps-depth,1
check-maps-depth,1
check-maps-depth,1
check-maps-depth,1
check-maps-depth,1
check-maps-depth,1
check-maps-depth,1
check-maps-depth,5
check-maps-depth,1
check-maps-depth,7
check-maps-depth,7
check-maps-depth,7
check-maps-depth,7
check-maps-depth,7
check-maps-depth,7
check-maps-depth,7
check-maps-depth,7
check-maps-depth,7
check-maps-depth,7
check-maps-depth,6
check-maps-depth,7
check-maps-depth,4
check-maps-depth,7
check-maps-depth,7
check-maps-depth,7
check-maps-depth,3
check-maps-depth,7
check-maps-depth,7
check-maps-depth,2
check-maps-depth,1
check-maps-depth,2
check-maps-depth,1
check-maps-depth,3
check-maps-depth,3
check-maps-depth,2
check-maps-depth,1
check-maps-depth,7
check-maps-depth,1
check-maps-depth,4
check-maps-depth,6
check-maps-depth,4
check-maps-depth,1
check-maps-depth,2
check-maps-depth,1
check-maps-depth,1
check-maps-depth,7
check-maps-depth,7
check-maps-depth,7
check-maps-depth,7
check-maps-depth,1
check-maps-depth,1
check-maps-depth,1
check-maps-depth,1
check-maps-depth,7
check-maps-depth,7
check-maps-depth,4
check-maps-depth,2
check-maps-depth,1
check-maps-depth,1
check-maps-depth,2
check-maps-depth,7
check-maps-depth,4
check-maps-depth,2
check-maps-depth,4
check-maps-depth,1
check-maps-depth,2
check-maps-depth,4
check-maps-depth,1
check-maps-depth,2
check-maps-depth,1
check-maps-depth,1
check-maps-depth,1
check-maps-depth,1
check-maps-depth,1
check-maps-depth,1
check-maps-depth,1
check-maps-depth,1
check-maps-depth,1
check-maps-depth,1
check-maps-depth,1
check-maps-depth,1
check-maps-depth,1
check-maps-depth,2
check-maps-depth,1
check-maps-depth,1
check-maps-depth,1
check-maps-depth,2
check-maps-depth,6
check-maps-depth,6
check-maps-depth,6
check-maps-depth,6
check-maps-depth,6
check-maps-depth,6
check-maps-depth,6
check-maps-depth,6
check-maps-depth,6
check-maps-depth,6
check-maps-depth,6
check-maps-depth,6
check-maps-depth,6
check-maps-depth,6
check-maps-depth,6
check-maps-depth,6
check-maps-depth,1
check-maps-depth,6
check-maps-depth,6
check-maps-depth,6
check-maps-depth,1
check-maps-depth,1
check-maps-depth,6
check-maps-depth,1
check-maps-depth,6
check-maps-depth,1
check-maps-depth,1
check-maps-depth,1
check-maps-depth,1
check-maps-depth,1
check-maps-depth,6
check-maps-depth,1
check-maps-depth,1
check-maps-depth,1
check-maps-depth,1
check-maps-depth,2
check-maps-depth,2
check-maps-depth,6
check-maps-depth,6
check-maps-depth,6
check-maps-depth,6
check-maps-depth,6
check-maps-depth,6
check-maps-depth,6
check-maps-depth,6
check-maps-depth,6
check-maps-depth,6
check-maps-depth,6
check-maps-depth,6
check-maps-depth,6
check-maps-depth,6
check-maps-depth,6
check-maps-depth,6
check-maps-depth,6
check-maps-depth,6
check-maps-depth,6
check-maps-depth,1
check-maps-depth,1
check-maps-depth,1
check-maps-depth,1
check-maps-depth,7
check-maps-depth,2
check-maps-depth,4
check-maps-depth,1
check-maps-depth,2
check-maps-depth,1
check-maps-depth,5
check-maps-depth,3
check-maps-depth,1
check-maps-depth,1
check-maps-depth,1
check-maps-depth,5
check-maps-depth,1
check-maps-depth,4
check-maps-depth,1
check-maps-depth,1
check-maps-depth,1
check-maps-depth,2
check-maps-depth,1
check-maps-depth,1
check-maps-depth,2
check-maps-depth,1
check-maps-depth,1
check-maps-depth,6
check-maps-depth,1
check-maps-depth,6
check-maps-depth,1
check-maps-depth,1
check-maps-depth,6
check-maps-depth,1
check-maps-depth,1
check-maps-depth,1
check-maps-depth,1
check-maps-depth,1
check-maps-depth,1
check-maps-depth,1
check-maps-depth,1
check-maps-depth,6
check-maps-depth,1
check-maps-depth,1
check-maps-depth,1
check-maps-depth,1
check-maps-depth,1
check-maps-depth,1
check-maps-depth,1
check-maps-depth,3
check-maps-depth,1
check-maps-depth,6
check-maps-depth,6
check-maps-depth,6
check-maps-depth,6
check-maps-depth,1
check-maps-depth,1
check-maps-depth,6
check-maps-depth,1
check-maps-depth,1
check-maps-depth,8
check-maps-depth,8
check-maps-depth,1
check-maps-depth,1
check-maps-depth,1
check-maps-depth,1
check-maps-depth,1
check-maps-depth,1
check-maps-depth,8
check-maps-depth,1
check-maps-depth,1
check-maps-depth,5
check-maps-depth,5
check-maps-depth,5
check-maps-depth,2
check-maps-depth,5
check-maps-depth,5
check-maps-depth,1
check-maps-depth,2
check-maps-depth,1
check-maps-depth,5
check-maps-depth,5
check-maps-depth,5
check-maps-depth,5
check-maps-depth,1
check-maps-depth,5
check-maps-depth,1
check-maps-depth,1
check-maps-depth,1
check-maps-depth,5
check-maps-depth,1
check-maps-depth,4
check-maps-depth,5
check-maps-depth,4
check-maps-depth,2
check-maps-depth,2
check-maps-depth,1
check-maps-depth,5
check-maps-depth,1
check-maps-depth,1
check-maps-depth,1
check-maps-depth,1
check-maps-depth,1
check-maps-depth,1
check-maps-depth,1
check-maps-depth,1
check-maps-depth,5
check-maps-depth,1
check-maps-depth,1
check-maps-depth,1
check-maps-depth,1
check-maps-depth,1
check-maps-depth,1
check-maps-depth,1
check-maps-depth,1
check-maps-depth,1
check-maps-depth,1
check-maps-depth,3
check-maps-depth,3
check-maps-depth,3
check-maps-depth,3
check-maps-depth,3
check-maps-depth,7
check-maps-depth,2
check-maps-depth,7
check-maps-depth,2
check-maps-depth,1
check-maps-depth,1
check-maps-depth,1
check-maps-depth,1
check-maps-depth,1
check-maps-depth,1
check-maps-depth,1
check-maps-depth,1
check-maps-depth,1
check-maps-depth,1
check-maps-depth,2
check-maps-depth,6
check-maps-depth,6
check-maps-depth,1
new,MemoryChunk,0x24be05800000,1048576
check-maps-depth,3
check-maps-depth,1
check-maps-depth,1
check-maps-depth,2
check-maps-depth,2
check-maps-depth,2
check-maps-depth,7
check-maps-depth,2
check-maps-depth,2
check-maps-depth,1
check-maps-depth,1
check-maps-depth,2
check-maps-depth,1
check-maps-depth,1
check-maps-depth,1
check-maps-depth,7
check-maps-depth,2
check-maps-depth,1
check-maps-depth,2
check-maps-depth,2
check-maps-depth,1
check-maps-depth,2
check-maps-depth,2
check-maps-depth,1
check-maps-depth,1
check-maps-depth,1
check-maps-depth,1
check-maps-depth,7
check-maps-depth,2
check-maps-depth,6
check-maps-depth,6
check-maps-depth,6
check-maps-depth,6
check-maps-depth,2
check-maps-depth,6
check-maps-depth,2
check-maps-depth,6
check-maps-depth,6
check-maps-depth,8
check-maps-depth,2
check-maps-depth,1
check-maps-depth,1
check-maps-depth,1
check-maps-depth,5
check-maps-depth,1
check-maps-depth,1
check-maps-depth,1
check-maps-depth,1
check-maps-depth,1
check-maps-depth,4
check-maps-depth,2
check-maps-depth,1
check-maps-depth,1
check-maps-depth,1
check-maps-depth,1
check-maps-depth,1
check-maps-depth,2
check-maps-depth,4
check-maps-depth,2
check-maps-depth,1
check-maps-depth,1
check-maps-depth,1
check-maps-depth,1
check-maps-depth,1
check-maps-depth,2
check-maps-depth,2
check-maps-depth,2
check-maps-depth,2
check-maps-depth,2
check-maps-depth,2
check-maps-depth,2
check-maps-depth,2
check-maps-depth,1
check-maps-depth,2
check-maps-depth,2
check-maps-depth,1
check-maps-depth,1
check-maps-depth,2
check-maps-depth,2
check-maps-depth,2
check-maps-depth,1
check-maps-depth,2
check-maps-depth,1
check-maps-depth,1
check-maps-depth,2
check-maps-depth,2
check-maps-depth,2
check-maps-depth,6
check-maps-depth,6
check-maps-depth,6
check-maps-depth,6
check-maps-depth,6
check-maps-depth,6
check-maps-depth,2
check-maps-depth,6
check-maps-depth,6
check-maps-depth,6
check-maps-depth,1
check-maps-depth,6
check-maps-depth,1
check-maps-depth,6
check-maps-depth,6
check-maps-depth,6
check-maps-depth,1
check-maps-depth,1
check-maps-depth,2
check-maps-depth,1
check-maps-depth,1
check-maps-depth,1
check-maps-depth,1
check-maps-depth,1
check-maps-depth,4
check-maps-depth,3
check-maps-depth,1
check-maps-depth,1
check-maps-depth,1
check-maps-depth,5
check-maps-depth,2
check-maps-depth,2
check-maps-depth,7
check-maps-depth,2
check-maps-depth,2
check-maps-depth,7
check-maps-depth,1
check-maps-depth,1
check-maps-depth,3
check-maps-depth,2
check-maps-depth,1
check-maps-depth,1
check-maps-depth,1
check-maps-depth,1
check-maps-depth,1
check-maps-depth,8
check-maps-depth,3
check-maps-depth,7
check-maps-depth,1
check-maps-depth,2
check-maps-depth,1
check-maps-depth,3
check-maps-depth,1
check-maps-depth,7
check-maps-depth,2
check-maps-depth,1
check-maps-depth,2
check-maps-depth,2
check-maps-depth,3
check-maps-depth,3
check-maps-depth,3
check-maps-depth,3
check-maps-depth,6
check-maps-depth,3
check-maps-depth,1
check-maps-depth,1
check-maps-depth,1
check-maps-depth,1
check-maps-depth,1
check-maps-depth,4
check-maps-depth,4
check-maps-depth,1
check-maps-depth,5
check-maps-depth,1
check-maps-depth,1
check-maps-depth,1
check-maps-depth,8
check-maps-depth,5
check-maps-depth,1
check-maps-depth,1
check-maps-depth,1
check-maps-depth,1
check-maps-depth,1
check-maps-depth,1
check-maps-depth,1
check-maps-depth,1
check-maps-depth,1
check-maps-depth,1
check-maps-depth,1
check-maps-depth,1
check-maps-depth,1
check-maps-depth,1
check-maps-depth,1
check-maps-depth,1
check-maps-depth,1
check-maps-depth,2
check-maps-depth,1
check-maps-depth,1
check-maps-depth,1
check-maps-depth,1
check-maps-depth,1
check-maps-depth,1
check-maps-depth,1
check-maps-depth,1
check-maps-depth,1
check-maps-depth,1
check-maps-depth,1
check-maps-depth,2
check-maps-depth,1
check-maps-depth,1
check-maps-depth,1
check-maps-depth,1
check-maps-depth,5
check-maps-depth,2
check-maps-depth,1
check-maps-depth,2
check-maps-depth,2
check-maps-depth,1
check-maps-depth,1
check-maps-depth,1
check-maps-depth,4
check-maps-depth,3
check-maps-depth,2
check-maps-depth,1
check-maps-depth,1
check-maps-depth,5
check-maps-depth,1
check-maps-depth,1
check-maps-depth,1
check-maps-depth,5
check-maps-depth,1
check-maps-depth,1
check-maps-depth,5
check-maps-depth,1
check-maps-depth,5
check-maps-depth,1
check-maps-depth,1
check-maps-depth,2
check-maps-depth,1
check-maps-depth,1
check-maps-depth,6
check-maps-depth,7
check-maps-depth,1
check-maps-depth,4
check-maps-depth,4
check-maps-depth,1
check-maps-depth,1
check-maps-depth,1
check-maps-depth,8
check-maps-depth,1
check-maps-depth,1
check-maps-depth,1
check-maps-depth,1
check-maps-depth,1
check-maps-depth,1
check-maps-depth,1
check-maps-depth,1
check-maps-depth,1
check-maps-depth,2
check-maps-depth,2
check-maps-depth,1
check-maps-depth,1
check-maps-depth,2
check-maps-depth,1
check-maps-depth,2
check-maps-depth,1
check-maps-depth,5
check-maps-depth,1
check-maps-depth,1
check-maps-depth,4
check-maps-depth,1
check-maps-depth,1
check-maps-depth,1
check-maps-depth,4
check-maps-depth,1
check-maps-depth,1
check-maps-depth,4
check-maps-depth,6
check-maps-depth,3
check-maps-depth,1
check-maps-depth,2
check-maps-depth,2
check-maps-depth,1
check-maps-depth,2
check-maps-depth,1
check-maps-depth,1
check-maps-depth,1
check-maps-depth,2
check-maps-depth,2
check-maps-depth,2
check-maps-depth,1
check-maps-depth,2
check-maps-depth,2
check-maps-depth,2
check-maps-depth,1
check-maps-depth,2
check-maps-depth,1
check-maps-depth,3
check-maps-depth,3
check-maps-depth,1
check-maps-depth,2
check-maps-depth,7
check-maps-depth,1
check-maps-depth,1
check-maps-depth,1
check-maps-depth,1
check-maps-depth,1
check-maps-depth,1
check-maps-depth,1
check-maps-depth,1
check-maps-depth,1
check-maps-depth,5
check-maps-depth,5
check-maps-depth,5
check-maps-depth,7
check-maps-depth,1
check-maps-depth,1
check-maps-depth,6
check-maps-depth,2
check-maps-depth,1
check-maps-depth,1
check-maps-depth,1
check-maps-depth,2
check-maps-depth,6
check-maps-depth,1
check-maps-depth,2
check-maps-depth,6
check-maps-depth,6
check-maps-depth,1
check-maps-depth,1
check-maps-depth,1
check-maps-depth,5
check-maps-depth,5
check-maps-depth,1
check-maps-depth,5
check-maps-depth,1
check-maps-depth,7
check-maps-depth,3
check-maps-depth,7
check-maps-depth,1
check-maps-depth,1
check-maps-depth,2
check-maps-depth,2
check-maps-depth,3
check-maps-depth,4
check-maps-depth,7
check-maps-depth,1
check-maps-depth,5
check-maps-depth,1
check-maps-depth,2
check-maps-depth,2
check-maps-depth,2
check-maps-depth,2
check-maps-depth,2
check-maps-depth,8
check-maps-depth,2
check-maps-depth,2
check-maps-depth,5
check-maps-depth,4
check-maps-depth,4
check-maps-depth,5
check-maps-depth,5
check-maps-depth,1
check-maps-depth,2
check-maps-depth,5
check-maps-depth,4
check-maps-depth,1
check-maps-depth,2
check-maps-depth,2
check-maps-depth,1
check-maps-depth,2
check-maps-depth,2
check-maps-depth,2
check-maps-depth,1
check-maps-depth,2
check-maps-depth,1
check-maps-depth,1
check-maps-depth,1
check-maps-depth,1
check-maps-depth,2
check-maps-depth,1
check-maps-depth,2
check-maps-depth,1
check-maps-depth,1
check-maps-depth,1
check-maps-depth,1
check-maps-depth,2
check-maps-depth,1
check-maps-depth,1
check-maps-depth,1
check-maps-depth,2
check-maps-depth,1
check-maps-depth,1
check-maps-depth,1
check-maps-depth,1
check-maps-depth,2
check-maps-depth,1
check-maps-depth,3
check-maps-depth,1
check-maps-depth,3
check-maps-depth,3
check-maps-depth,1
check-maps-depth,1
check-maps-depth,1
check-maps-depth,1
check-maps-depth,3
check-maps-depth,1
check-maps-depth,1
check-maps-depth,1
check-maps-depth,9
check-maps-depth,2
check-maps-depth,9
check-maps-depth,2
check-maps-depth,1
check-maps-depth,2
check-maps-depth,2
check-maps-depth,2
check-maps-depth,3
check-maps-depth,1
check-maps-depth,4
check-maps-depth,1
check-maps-depth,5
check-maps-depth,4
check-maps-depth,4
check-maps-depth,4
check-maps-depth,5
check-maps-depth,1
check-maps-depth,8
check-maps-depth,5
check-maps-depth,1
check-maps-depth,2
check-maps-depth,1
check-maps-depth,1
check-maps-depth,1
check-maps-depth,1
check-maps-depth,1
check-maps-depth,1
check-maps-depth,1
check-maps-depth,1
check-maps-depth,2
check-maps-depth,1
check-maps-depth,1
check-maps-depth,2
check-maps-depth,2
check-maps-depth,2
check-maps-depth,2
check-maps-depth,5
check-maps-depth,7
check-maps-depth,1
check-maps-depth,1
check-maps-depth,1
check-maps-depth,1
check-maps-depth,1
check-maps-depth,4
check-maps-depth,1
check-maps-depth,7
check-maps-depth,1
check-maps-depth,1
check-maps-depth,3
check-maps-depth,1
check-maps-depth,1
